<?xml version="1.0" encoding="utf-8"?><testsuites name="pytest tests"><testsuite name="pytest" errors="0" failures="0" skipped="1" tests="33" time="6.750" timestamp="2026-03-29T17:22:11.840929+00:00" hostname="agent-env-8e15742f-b842-4063-8bee-daada37b451a"><testcase classname="backend.tests.test_forgepilot_api.TestAPIHealth" name="test_api_root" time="0.199" /><testcase classname="backend.tests.test_forgepilot_api.TestProjects" name="test_get_projects" time="0.107" /><testcase classname="backend.tests.test_forgepilot_api.TestProjects" name="test_get_project_by_id" time="0.233" /><testcase classname="backend.tests.test_forgepilot_api.TestProjects" name="test_get_project_not_found" time="0.120" /><testcase classname="backend.tests.test_forgepilot_api.TestPreviewInfo" name="test_get_preview_info" time="0.256" /><testcase classname="backend.tests.test_forgepilot_api.TestAgents" name="test_get_agents" time="0.240" /><testcase classname="backend.tests.test_forgepilot_api.TestMessages" name="test_get_messages" time="0.262" /><testcase classname="backend.tests.test_forgepilot_api.TestFiles" name="test_get_files" time="0.222" /><testcase classname="backend.tests.test_forgepilot_api.TestRoadmapAndLogs" name="test_get_roadmap" time="0.220" /><testcase classname="backend.tests.test_forgepilot_api.TestRoadmapAndLogs" name="test_get_logs" time="0.206" /><testcase classname="backend.tests.test_forgepilot_api.TestOllama" name="test_ollama_status" time="0.158" /><testcase classname="backend.tests.test_settings_api.TestSettingsGet" name="test_get_settings_returns_200" time="0.132" /><testcase classname="backend.tests.test_settings_api.TestSettingsGet" name="test_get_settings_response_structure" time="0.123" /><testcase classname="backend.tests.test_settings_api.TestSettingsUpdate" name="test_update_openai_key" time="0.118" /><testcase classname="backend.tests.test_settings_api.TestSettingsUpdate" name="test_update_github_token" time="0.104" /><testcase classname="backend.tests.test_settings_api.TestSettingsUpdate" name="test_update_ollama_url" time="0.259" /><testcase classname="backend.tests.test_settings_api.TestSettingsUpdate" name="test_update_use_ollama" time="0.331" /><testcase classname="backend.tests.test_settings_api.TestSettingsUpdate" name="test_update_multiple_settings" time="0.149" /><testcase classname="backend.tests.test_settings_api.TestSettingsDelete" name="test_delete_openai_key" time="0.351" /><testcase classname="backend.tests.test_settings_api.TestSettingsDelete" name="test_delete_github_token" time="0.355" /><testcase classname="backend.tests.test_settings_api.TestSettingsPersistence" name="test_settings_persist_after_update" time="0.259" /><testcase classname="backend.tests.test_settings_api.TestSettingsCleanup" name="test_restore_original_settings" time="0.142" /><testcase classname="backend.tests.test_update_system.TestUpdateStatus" name="test_get_update_status_returns_200" time="0.106" /><testcase classname="backend.tests.test_update_system.TestUpdateStatus" name="test_update_status_response_structure" time="0.113" /><testcase classname="backend.tests.test_update_system.TestUpdateCheck" name="test_check_for_updates" time="0.373" /><testcase classname="backend.tests.test_update_system.TestUpdateInstall" name="test_install_update_without_available_update" time="0.134" /><testcase classname="backend.tests.test_update_system.TestUpdateInstall" name="test_install_update_response_structure" time="0.260"><skipped type="pytest.skip" message="No update available">/app/backend/tests/test_update_system.py:128: No update available</skipped></testcase><testcase classname="backend.tests.test_update_system.TestUpdateRollback" name="test_rollback_without_previous_version" time="0.114" /><testcase classname="backend.tests.test_update_system.TestVersionEndpoint" name="test_get_version" time="0.157" /><testcase classname="backend.tests.test_update_system.TestHealthEndpoint" name="test_health_check" time="0.109" /><testcase classname="backend.tests.test_update_system.TestMasterAgentSystemPrompt" name="test_api_root_shows_llm_info" time="0.128" /><testcase classname="backend.tests.test_update_system.TestMasterAgentSystemPrompt" name="test_llm_status_endpoint" time="0.160" /><testcase classname="backend.tests.test_update_system.TestUpdateSystemIntegration" name="test_full_update_check_flow" time="0.461" /></testsuite></testsuites>