<?xml version="1.0" encoding="utf-8"?><testsuites name="pytest tests"><testsuite name="pytest" errors="0" failures="0" skipped="0" tests="11" time="1.884" timestamp="2026-03-27T10:20:28.888258+00:00" hostname="agent-env-8c8e488d-3ffe-4623-b215-44f8d2b45e40"><testcase classname="backend.tests.test_forgepilot_api.TestAPIHealth" name="test_api_root" time="0.186" /><testcase classname="backend.tests.test_forgepilot_api.TestProjects" name="test_get_projects" time="0.122" /><testcase classname="backend.tests.test_forgepilot_api.TestProjects" name="test_get_project_by_id" time="0.244" /><testcase classname="backend.tests.test_forgepilot_api.TestProjects" name="test_get_project_not_found" time="0.216" /><testcase classname="backend.tests.test_forgepilot_api.TestPreviewInfo" name="test_get_preview_info" time="0.128" /><testcase classname="backend.tests.test_forgepilot_api.TestAgents" name="test_get_agents" time="0.136" /><testcase classname="backend.tests.test_forgepilot_api.TestMessages" name="test_get_messages" time="0.124" /><testcase classname="backend.tests.test_forgepilot_api.TestFiles" name="test_get_files" time="0.156" /><testcase classname="backend.tests.test_forgepilot_api.TestRoadmapAndLogs" name="test_get_roadmap" time="0.138" /><testcase classname="backend.tests.test_forgepilot_api.TestRoadmapAndLogs" name="test_get_logs" time="0.119" /><testcase classname="backend.tests.test_forgepilot_api.TestOllama" name="test_ollama_status" time="0.141" /></testsuite></testsuites>